<?xml version="1.0" encoding="UTF-8"?>
<!-- Generated by org.testng.reporters.JUnitReportReporter -->
<testsuite hostname="Sivas-MacBook-Pro.local" name="org.Siva.TestProject.TestngTester" tests="2" failures="0" timestamp="19 Feb 2016 19:27:26 GMT" time="1.581" errors="0">
  <testcase name="test1" time="1.545" classname="org.Siva.TestProject.TestngTester"/>
  <testcase name="test2" time="0.036" classname="org.Siva.TestProject.TestngTester"/>
</testsuite> <!-- org.Siva.TestProject.TestngTester -->
